23.04.2024 14:57:18 [http-nio-8080-exec-1] INFO  com.example.lab9.LogFilter  - Log: /index.jspGET14:57:18.950806300127.0.0.1
23.04.2024 14:57:21 [http-nio-8080-exec-4] INFO  com.example.lab9.LogFilter  - Log: /index.jspGET14:57:21.3172721000:0:0:0:0:0:0:1
23.04.2024 14:57:23 [http-nio-8080-exec-6] INFO  com.example.lab9.LogFilter  - Log: /currentTimeGET14:57:23.3684288000:0:0:0:0:0:0:1
23.04.2024 14:57:25 [http-nio-8080-exec-9] INFO  com.example.lab9.LogFilter  - Log: /ex2.jspGET14:57:25.8458185000:0:0:0:0:0:0:1
23.04.2024 14:57:28 [http-nio-8080-exec-10] INFO  com.example.lab9.LogFilter  - Log: /firstServletGET14:57:28.2946055000:0:0:0:0:0:0:1
23.04.2024 14:57:31 [http-nio-8080-exec-3] INFO  com.example.lab9.LogFilter  - Log: /firstServletPOST14:57:31.9943741000:0:0:0:0:0:0:1
23.04.2024 14:57:35 [http-nio-8080-exec-6] INFO  com.example.lab9.LogFilter  - Log: /getFirstServletGET14:57:35.9009576000:0:0:0:0:0:0:1
23.04.2024 14:57:40 [http-nio-8080-exec-9] INFO  com.example.lab9.LogFilter  - Log: /getFirstServletGET14:57:40.2526968000:0:0:0:0:0:0:1
23.04.2024 14:57:40 [http-nio-8080-exec-10] INFO  com.example.lab9.LogFilter  - Log: /getSecondServletGET14:57:40.2576650:0:0:0:0:0:0:1
23.04.2024 14:57:40 [http-nio-8080-exec-1] INFO  com.example.lab9.LogFilter  - Log: /result.jspGET14:57:40.2656444000:0:0:0:0:0:0:1
23.04.2024 14:57:44 [http-nio-8080-exec-4] INFO  com.example.lab9.LogFilter  - Log: /first7ServletGET14:57:44.5660292000:0:0:0:0:0:0:1
23.04.2024 15:31:41 [http-nio-8080-exec-1] INFO  com.example.lab9.LogFilter  - Log: /index.jspGET15:31:41.703643500127.0.0.1
23.04.2024 15:31:43 [http-nio-8080-exec-4] INFO  com.example.lab9.LogFilter  - Log: /index.jspGET15:31:43.4107068000:0:0:0:0:0:0:1
23.04.2024 15:31:45 [http-nio-8080-exec-5] INFO  com.example.lab9.LogFilter  - Log: /ex2.jspGET15:31:45.8939443000:0:0:0:0:0:0:1
23.04.2024 15:31:50 [http-nio-8080-exec-8] INFO  com.example.lab9.LogFilter  - Log: /loginServletPOST15:31:50.3146802000:0:0:0:0:0:0:1
23.04.2024 15:35:06 [http-nio-8080-exec-1] INFO  com.example.lab9.LogFilter  - Log: /index.jspGET15:35:06.689454400127.0.0.1
23.04.2024 15:35:07 [http-nio-8080-exec-4] INFO  com.example.lab9.LogFilter  - Log: /index.jspGET15:35:07.9858733000:0:0:0:0:0:0:1
23.04.2024 15:35:10 [http-nio-8080-exec-7] INFO  com.example.lab9.LogFilter  - Log: /ex2.jspGET15:35:10.1946731000:0:0:0:0:0:0:1
23.04.2024 15:35:14 [http-nio-8080-exec-10] INFO  com.example.lab9.LogFilter  - Log: /loginServletPOST15:35:14.3017835000:0:0:0:0:0:0:1
23.04.2024 15:37:47 [http-nio-8080-exec-1] INFO  com.example.lab9.LogFilter  - Log: /index.jspGET15:37:47.642434127.0.0.1
23.04.2024 15:37:48 [http-nio-8080-exec-3] INFO  com.example.lab9.LogFilter  - Log: /index.jspGET15:37:48.7424490:0:0:0:0:0:0:1
23.04.2024 15:37:50 [http-nio-8080-exec-4] INFO  com.example.lab9.LogFilter  - Log: /ex2.jspGET15:37:50.8137028000:0:0:0:0:0:0:1
23.04.2024 15:37:54 [http-nio-8080-exec-7] INFO  com.example.lab9.LogFilter  - Log: /loginServletPOST15:37:54.8492866000:0:0:0:0:0:0:1
23.04.2024 15:39:40 [http-nio-8080-exec-1] INFO  com.example.lab9.LogFilter  - Log: /index.jspGET15:39:40.660022900127.0.0.1
23.04.2024 15:39:41 [http-nio-8080-exec-2] INFO  com.example.lab9.LogFilter  - Log: /index.jspGET15:39:41.9891740:0:0:0:0:0:0:1
23.04.2024 15:39:44 [http-nio-8080-exec-4] INFO  com.example.lab9.LogFilter  - Log: /ex2.jspGET15:39:44.4165036000:0:0:0:0:0:0:1
23.04.2024 15:39:48 [http-nio-8080-exec-9] INFO  com.example.lab9.LogFilter  - Log: /loginServletPOST15:39:48.0167411000:0:0:0:0:0:0:1
23.04.2024 15:42:44 [http-nio-8080-exec-1] INFO  com.example.lab9.LogFilter  - Log: /index.jspGET15:42:44.276684300127.0.0.1
23.04.2024 15:42:45 [http-nio-8080-exec-3] INFO  com.example.lab9.LogFilter  - Log: /index.jspGET15:42:45.5156338000:0:0:0:0:0:0:1
23.04.2024 15:42:47 [http-nio-8080-exec-4] INFO  com.example.lab9.LogFilter  - Log: /ex2.jspGET15:42:47.1924822000:0:0:0:0:0:0:1
23.04.2024 15:42:51 [http-nio-8080-exec-7] INFO  com.example.lab9.LogFilter  - Log: /loginServletPOST15:42:51.5423748000:0:0:0:0:0:0:1
23.04.2024 15:42:52 [http-nio-8080-exec-8] INFO  com.example.lab9.LogFilter  - Log: /registrat.jspGET15:42:52.0756829000:0:0:0:0:0:0:1
23.04.2024 15:43:02 [http-nio-8080-exec-1] INFO  com.example.lab9.LogFilter  - Log: /loginServletPOST15:43:02.0146808000:0:0:0:0:0:0:1
23.04.2024 15:49:01 [http-nio-8080-exec-1] INFO  com.example.lab9.LogFilter  - Log: /index.jspGET15:49:01.119368127.0.0.1
23.04.2024 15:49:02 [http-nio-8080-exec-4] INFO  com.example.lab9.LogFilter  - Log: /index.jspGET15:49:02.4274509000:0:0:0:0:0:0:1
23.04.2024 15:49:05 [http-nio-8080-exec-7] INFO  com.example.lab9.LogFilter  - Log: /ex2.jspGET15:49:05.1260647000:0:0:0:0:0:0:1
23.04.2024 15:49:09 [http-nio-8080-exec-8] INFO  com.example.lab9.LogFilter  - Log: /loginServletPOST15:49:09.0835864000:0:0:0:0:0:0:1
23.04.2024 15:49:21 [http-nio-8080-exec-2] INFO  com.example.lab9.LogFilter  - Log: /loginServletPOST15:49:21.1102694000:0:0:0:0:0:0:1
23.04.2024 15:49:21 [http-nio-8080-exec-3] INFO  com.example.lab9.LogFilter  - Log: /registrat.jspGET15:49:21.1286363000:0:0:0:0:0:0:1
23.04.2024 18:30:47 [http-nio-8080-exec-1] INFO  com.example.lab9.LogFilter  - Log: /index.jspGET18:30:47.881031100127.0.0.1
23.04.2024 18:30:49 [http-nio-8080-exec-4] INFO  com.example.lab9.LogFilter  - Log: /index.jspGET18:30:49.7968974000:0:0:0:0:0:0:1
23.04.2024 18:30:55 [http-nio-8080-exec-7] INFO  com.example.lab9.LogFilter  - Log: /currentTimeGET18:30:55.1683305000:0:0:0:0:0:0:1
23.04.2024 18:31:02 [http-nio-8080-exec-10] INFO  com.example.lab9.LogFilter  - Log: /ex2.jspGET18:31:02.0822407000:0:0:0:0:0:0:1
23.04.2024 18:31:07 [http-nio-8080-exec-3] INFO  com.example.lab9.LogFilter  - Log: /loginServletPOST18:31:07.1086576000:0:0:0:0:0:0:1
23.04.2024 18:31:14 [http-nio-8080-exec-6] INFO  com.example.lab9.LogFilter  - Log: /loginServletPOST18:31:14.5283034000:0:0:0:0:0:0:1
23.04.2024 18:31:14 [http-nio-8080-exec-7] INFO  com.example.lab9.LogFilter  - Log: /registrat.jspGET18:31:14.5703273000:0:0:0:0:0:0:1
23.04.2024 18:31:23 [http-nio-8080-exec-10] INFO  com.example.lab9.LogFilter  - Log: /registerServletPOST18:31:23.8478819000:0:0:0:0:0:0:1
23.04.2024 18:31:28 [http-nio-8080-exec-3] INFO  com.example.lab9.LogFilter  - Log: /loginServletPOST18:31:28.7480609000:0:0:0:0:0:0:1
23.04.2024 18:31:35 [http-nio-8080-exec-8] INFO  com.example.lab9.LogFilter  - Log: /firstServletGET18:31:35.3358241000:0:0:0:0:0:0:1
23.04.2024 18:31:39 [http-nio-8080-exec-9] INFO  com.example.lab9.LogFilter  - Log: /firstServletPOST18:31:39.6377021000:0:0:0:0:0:0:1
23.04.2024 18:31:50 [http-nio-8080-exec-4] INFO  com.example.lab9.LogFilter  - Log: /getFirstServletGET18:31:50.7382560:0:0:0:0:0:0:1
23.04.2024 18:31:55 [http-nio-8080-exec-5] INFO  com.example.lab9.LogFilter  - Log: /getFirstServletGET18:31:55.1883690:0:0:0:0:0:0:1
23.04.2024 18:31:55 [http-nio-8080-exec-6] INFO  com.example.lab9.LogFilter  - Log: /getSecondServletGET18:31:55.1883690:0:0:0:0:0:0:1
23.04.2024 18:31:55 [http-nio-8080-exec-7] INFO  com.example.lab9.LogFilter  - Log: /result.jspGET18:31:55.1974800:0:0:0:0:0:0:1
23.04.2024 18:31:59 [http-nio-8080-exec-10] INFO  com.example.lab9.LogFilter  - Log: /first7ServletGET18:31:59.0680060:0:0:0:0:0:0:1
