06.03.2024 18:26:13 [main] INFO  by.vorovich.third.main.Main  - Starting program_____________________________
06.03.2024 18:26:13 [main] INFO  by.vorovich.third.car_park.CarPark  - car added
06.03.2024 18:26:13 [main] INFO  by.vorovich.third.car_park.CarPark  - car added
06.03.2024 18:26:13 [main] INFO  by.vorovich.third.car_park.CarPark  - car added
06.03.2024 18:26:13 [main] INFO  by.vorovich.third.car_park.CarPark  - car added
06.03.2024 18:26:13 [main] INFO  by.vorovich.third.car_park.CarPark  - car added
06.03.2024 18:26:13 [main] INFO  by.vorovich.third.car_park.CarPark  - car added
06.03.2024 18:26:13 [main] INFO  by.vorovich.third.car_park.CarPark  - car added
06.03.2024 18:26:13 [main] INFO  by.vorovich.third.car_park_manager.CarParkManager  - new carpark generated
06.03.2024 18:26:13 [main] ERROR by.vorovich.third.main.Main  - Car must have value
06.03.2024 18:26:13 [main] INFO  by.vorovich.third.car_park_manager.CarParkManager  - new carpark generated
06.03.2024 18:26:13 [main] INFO  by.vorovich.third.main.Main  - program completed
06.03.2024 18:34:42 [main] INFO  by.vorovich.third.main.Main  - Starting program_____________________________
06.03.2024 18:34:42 [main] INFO  by.vorovich.third.car_park.CarPark  - car added
06.03.2024 18:34:42 [main] INFO  by.vorovich.third.car_park.CarPark  - car added
06.03.2024 18:34:42 [main] INFO  by.vorovich.third.car_park.CarPark  - car added
06.03.2024 18:34:42 [main] INFO  by.vorovich.third.car_park.CarPark  - car added
06.03.2024 18:34:42 [main] INFO  by.vorovich.third.car_park.CarPark  - car added
06.03.2024 18:34:42 [main] INFO  by.vorovich.third.car_park.CarPark  - car added
06.03.2024 18:34:42 [main] INFO  by.vorovich.third.car_park.CarPark  - car added
06.03.2024 18:34:42 [main] INFO  by.vorovich.third.car_park_manager.CarParkManager  - new carpark generated
06.03.2024 18:34:42 [main] ERROR by.vorovich.third.main.Main  - Car must have value
06.03.2024 18:34:42 [main] INFO  by.vorovich.third.car_park_manager.CarParkManager  - new carpark generated
06.03.2024 18:34:42 [main] INFO  by.vorovich.third.main.Main  - program completed
06.03.2024 18:51:20 [main] INFO  by.vorovich.third.main.Main  - Starting program_____________________________
06.03.2024 18:51:20 [main] INFO  by.vorovich.third.car_park.CarPark  - car added
06.03.2024 18:51:20 [main] INFO  by.vorovich.third.car_park.CarPark  - car added
06.03.2024 18:51:20 [main] INFO  by.vorovich.third.car_park.CarPark  - car added
06.03.2024 18:51:20 [main] INFO  by.vorovich.third.car_park.CarPark  - car added
06.03.2024 18:51:20 [main] INFO  by.vorovich.third.car_park.CarPark  - car added
06.03.2024 18:51:20 [main] INFO  by.vorovich.third.car_park.CarPark  - car added
06.03.2024 18:51:20 [main] INFO  by.vorovich.third.car_park.CarPark  - car added
06.03.2024 18:51:20 [main] INFO  by.vorovich.third.car_park_manager.CarParkManager  - new carpark generated
06.03.2024 18:51:20 [main] ERROR by.vorovich.third.main.Main  - Car must have value
06.03.2024 18:51:21 [main] INFO  by.vorovich.third.car_park_manager.CarParkManager  - new carpark generated
06.03.2024 18:51:21 [main] INFO  by.vorovich.third.main.Main  - program completed
06.03.2024 18:51:59 [main] INFO  by.vorovich.third.main.Main  - Starting program_____________________________
06.03.2024 18:51:59 [main] INFO  by.vorovich.third.car_park.CarPark  - car added
06.03.2024 18:51:59 [main] INFO  by.vorovich.third.car_park.CarPark  - car added
06.03.2024 18:51:59 [main] INFO  by.vorovich.third.car_park.CarPark  - car added
06.03.2024 18:51:59 [main] INFO  by.vorovich.third.car_park.CarPark  - car added
06.03.2024 18:51:59 [main] INFO  by.vorovich.third.car_park.CarPark  - car added
06.03.2024 18:51:59 [main] INFO  by.vorovich.third.car_park.CarPark  - car added
06.03.2024 18:51:59 [main] INFO  by.vorovich.third.car_park.CarPark  - car added
06.03.2024 18:51:59 [main] INFO  by.vorovich.third.car_park_manager.CarParkManager  - new carpark generated
06.03.2024 18:51:59 [main] ERROR by.vorovich.third.main.Main  - Car must have value
06.03.2024 18:51:59 [main] INFO  by.vorovich.third.car_park_manager.CarParkManager  - new carpark generated
06.03.2024 18:51:59 [main] INFO  by.vorovich.third.main.Main  - program completed
06.03.2024 19:20:21 [main] INFO  by.vorovich.third.main.Main  - Starting program_____________________________
06.03.2024 19:20:21 [main] INFO  by.vorovich.third.car_park.CarPark  - car added
06.03.2024 19:20:21 [main] INFO  by.vorovich.third.car_park.CarPark  - car added
06.03.2024 19:20:21 [main] INFO  by.vorovich.third.car_park.CarPark  - car added
06.03.2024 19:20:21 [main] INFO  by.vorovich.third.car_park.CarPark  - car added
06.03.2024 19:20:21 [main] INFO  by.vorovich.third.car_park.CarPark  - car added
06.03.2024 19:20:21 [main] INFO  by.vorovich.third.car_park.CarPark  - car added
06.03.2024 19:20:21 [main] INFO  by.vorovich.third.car_park.CarPark  - car added
06.03.2024 19:20:21 [main] INFO  by.vorovich.third.car_park_manager.CarParkManager  - new carpark generated
06.03.2024 19:20:21 [main] ERROR by.vorovich.third.main.Main  - Car must have value
06.03.2024 19:20:21 [main] INFO  by.vorovich.third.car_park_manager.CarParkManager  - new carpark generated
06.03.2024 19:20:21 [main] INFO  by.vorovich.third.main.Main  - program completed
06.03.2024 19:24:02 [main] INFO  by.vorovich.third.main.Main  - Starting program_____________________________
06.03.2024 19:24:02 [main] INFO  by.vorovich.third.car_park.CarPark  - car added
06.03.2024 19:24:02 [main] INFO  by.vorovich.third.car_park.CarPark  - car added
06.03.2024 19:24:02 [main] INFO  by.vorovich.third.car_park.CarPark  - car added
06.03.2024 19:24:02 [main] INFO  by.vorovich.third.car_park.CarPark  - car added
06.03.2024 19:24:02 [main] INFO  by.vorovich.third.car_park.CarPark  - car added
06.03.2024 19:24:02 [main] INFO  by.vorovich.third.car_park.CarPark  - car added
06.03.2024 19:24:02 [main] INFO  by.vorovich.third.car_park.CarPark  - car added
06.03.2024 19:24:02 [main] INFO  by.vorovich.third.car_park_manager.CarParkManager  - new carpark generated
06.03.2024 19:24:02 [main] ERROR by.vorovich.third.main.Main  - Car must have value
06.03.2024 19:24:02 [main] INFO  by.vorovich.third.car_park_manager.CarParkManager  - new carpark generated
06.03.2024 19:24:02 [main] INFO  by.vorovich.third.main.Main  - program completed
06.03.2024 19:25:49 [main] INFO  by.vorovich.third.main.Main  - Starting program_____________________________
06.03.2024 19:25:49 [main] INFO  by.vorovich.third.car_park.CarPark  - car added
06.03.2024 19:25:49 [main] INFO  by.vorovich.third.car_park.CarPark  - car added
06.03.2024 19:25:49 [main] INFO  by.vorovich.third.car_park.CarPark  - car added
06.03.2024 19:25:49 [main] INFO  by.vorovich.third.car_park.CarPark  - car added
06.03.2024 19:25:49 [main] INFO  by.vorovich.third.car_park.CarPark  - car added
06.03.2024 19:25:49 [main] INFO  by.vorovich.third.car_park.CarPark  - car added
06.03.2024 19:25:49 [main] INFO  by.vorovich.third.car_park.CarPark  - car added
06.03.2024 19:25:49 [main] INFO  by.vorovich.third.car_park_manager.CarParkManager  - new carpark generated
06.03.2024 19:25:49 [main] ERROR by.vorovich.third.main.Main  - Car must have value
06.03.2024 19:25:50 [main] INFO  by.vorovich.third.car_park_manager.CarParkManager  - new carpark generated
06.03.2024 19:25:50 [main] INFO  by.vorovich.third.main.Main  - program completed
06.03.2024 19:31:39 [main] INFO  by.vorovich.third.main.Main  - Starting program_____________________________
06.03.2024 19:31:39 [main] INFO  by.vorovich.third.car_park.CarPark  - car added
06.03.2024 19:31:39 [main] INFO  by.vorovich.third.car_park.CarPark  - car added
06.03.2024 19:31:39 [main] INFO  by.vorovich.third.car_park.CarPark  - car added
06.03.2024 19:31:39 [main] INFO  by.vorovich.third.car_park.CarPark  - car added
06.03.2024 19:31:39 [main] INFO  by.vorovich.third.car_park.CarPark  - car added
06.03.2024 19:31:39 [main] INFO  by.vorovich.third.car_park.CarPark  - car added
06.03.2024 19:31:39 [main] INFO  by.vorovich.third.car_park.CarPark  - car added
06.03.2024 19:31:39 [main] INFO  by.vorovich.third.car_park_manager.CarParkManager  - new carpark generated
06.03.2024 19:31:39 [main] ERROR by.vorovich.third.main.Main  - Car must have value
06.03.2024 19:31:39 [main] INFO  by.vorovich.third.car_park_manager.CarParkManager  - new carpark generated
06.03.2024 19:31:39 [main] INFO  by.vorovich.third.main.Main  - program completed
06.03.2024 19:35:23 [main] INFO  by.vorovich.third.main.Main  - Starting program_____________________________
06.03.2024 19:35:23 [main] INFO  by.vorovich.third.car_park.CarPark  - car added
06.03.2024 19:35:23 [main] INFO  by.vorovich.third.car_park.CarPark  - car added
06.03.2024 19:35:23 [main] INFO  by.vorovich.third.car_park.CarPark  - car added
06.03.2024 19:35:23 [main] INFO  by.vorovich.third.car_park.CarPark  - car added
06.03.2024 19:35:23 [main] INFO  by.vorovich.third.car_park.CarPark  - car added
06.03.2024 19:35:23 [main] INFO  by.vorovich.third.car_park.CarPark  - car added
06.03.2024 19:35:23 [main] INFO  by.vorovich.third.car_park.CarPark  - car added
06.03.2024 19:35:23 [main] INFO  by.vorovich.third.car_park_manager.CarParkManager  - new carpark generated
06.03.2024 19:35:23 [main] ERROR by.vorovich.third.main.Main  - Car must have value
06.03.2024 19:35:24 [main] INFO  by.vorovich.third.car_park_manager.CarParkManager  - new carpark generated
06.03.2024 19:35:24 [main] INFO  by.vorovich.third.main.Main  - program completed
06.03.2024 19:38:22 [main] INFO  by.vorovich.third.main.Main  - Starting program_____________________________
06.03.2024 19:38:22 [main] INFO  by.vorovich.third.car_park.CarPark  - car added
06.03.2024 19:38:22 [main] INFO  by.vorovich.third.car_park.CarPark  - car added
06.03.2024 19:38:22 [main] INFO  by.vorovich.third.car_park.CarPark  - car added
06.03.2024 19:38:22 [main] INFO  by.vorovich.third.car_park.CarPark  - car added
06.03.2024 19:38:22 [main] INFO  by.vorovich.third.car_park.CarPark  - car added
06.03.2024 19:38:22 [main] INFO  by.vorovich.third.car_park.CarPark  - car added
06.03.2024 19:38:22 [main] INFO  by.vorovich.third.car_park.CarPark  - car added
06.03.2024 19:38:22 [main] INFO  by.vorovich.third.car_park_manager.CarParkManager  - new carpark generated
06.03.2024 19:38:22 [main] ERROR by.vorovich.third.main.Main  - Car must have value
06.03.2024 19:38:23 [main] INFO  by.vorovich.third.car_park_manager.CarParkManager  - new carpark generated
06.03.2024 19:38:23 [main] INFO  by.vorovich.third.main.Main  - program completed
06.03.2024 19:54:58 [main] INFO  by.vorovich.third.main.Main  - Starting program_____________________________
06.03.2024 19:54:58 [main] INFO  by.vorovich.third.car_park.CarPark  - car added
06.03.2024 19:54:58 [main] INFO  by.vorovich.third.car_park.CarPark  - car added
06.03.2024 19:54:58 [main] INFO  by.vorovich.third.car_park.CarPark  - car added
06.03.2024 19:54:58 [main] INFO  by.vorovich.third.car_park.CarPark  - car added
06.03.2024 19:54:58 [main] INFO  by.vorovich.third.car_park.CarPark  - car added
06.03.2024 19:54:58 [main] INFO  by.vorovich.third.car_park.CarPark  - car added
06.03.2024 19:54:58 [main] INFO  by.vorovich.third.car_park.CarPark  - car added
06.03.2024 19:54:58 [main] INFO  by.vorovich.third.car_park_manager.CarParkManager  - new carpark generated
06.03.2024 19:54:58 [main] ERROR by.vorovich.third.main.Main  - Car must have value
06.03.2024 19:54:58 [main] INFO  by.vorovich.third.car_park_manager.CarParkManager  - new carpark generated
06.03.2024 19:54:58 [main] INFO  by.vorovich.third.main.Main  - program completed
06.03.2024 19:55:28 [main] INFO  by.vorovich.third.main.Main  - Starting program_____________________________
06.03.2024 19:55:28 [main] INFO  by.vorovich.third.car_park.CarPark  - car added
06.03.2024 19:55:28 [main] INFO  by.vorovich.third.car_park.CarPark  - car added
06.03.2024 19:55:28 [main] INFO  by.vorovich.third.car_park.CarPark  - car added
06.03.2024 19:55:28 [main] INFO  by.vorovich.third.car_park.CarPark  - car added
06.03.2024 19:55:28 [main] INFO  by.vorovich.third.car_park.CarPark  - car added
06.03.2024 19:55:28 [main] INFO  by.vorovich.third.car_park.CarPark  - car added
06.03.2024 19:55:28 [main] INFO  by.vorovich.third.car_park.CarPark  - car added
06.03.2024 19:55:28 [main] INFO  by.vorovich.third.car_park_manager.CarParkManager  - new carpark generated
06.03.2024 19:55:28 [main] ERROR by.vorovich.third.main.Main  - Car must have value
06.03.2024 19:55:28 [main] INFO  by.vorovich.third.car_park_manager.CarParkManager  - new carpark generated
06.03.2024 19:55:28 [main] INFO  by.vorovich.third.main.Main  - program completed
06.03.2024 20:03:57 [main] INFO  by.vorovich.third.main.Main  - Starting program_____________________________
06.03.2024 20:03:57 [main] INFO  by.vorovich.third.car_park.CarPark  - car added
06.03.2024 20:03:57 [main] INFO  by.vorovich.third.car_park.CarPark  - car added
06.03.2024 20:03:57 [main] INFO  by.vorovich.third.car_park.CarPark  - car added
06.03.2024 20:03:57 [main] INFO  by.vorovich.third.car_park.CarPark  - car added
06.03.2024 20:03:57 [main] INFO  by.vorovich.third.car_park.CarPark  - car added
06.03.2024 20:03:57 [main] INFO  by.vorovich.third.car_park.CarPark  - car added
06.03.2024 20:03:57 [main] INFO  by.vorovich.third.car_park.CarPark  - car added
06.03.2024 20:03:57 [main] INFO  by.vorovich.third.car_park_manager.CarParkManager  - new carpark generated
06.03.2024 20:03:57 [main] ERROR by.vorovich.third.main.Main  - Car must have value
06.03.2024 20:03:58 [main] INFO  by.vorovich.third.car_park_manager.CarParkManager  - new carpark generated
06.03.2024 20:03:58 [main] INFO  by.vorovich.third.main.Main  - program completed
06.03.2024 20:05:00 [main] INFO  by.vorovich.third.main.Main  - Starting program_____________________________
06.03.2024 20:05:00 [main] INFO  by.vorovich.third.car_park.CarPark  - car added
06.03.2024 20:05:00 [main] INFO  by.vorovich.third.car_park.CarPark  - car added
06.03.2024 20:05:00 [main] INFO  by.vorovich.third.car_park.CarPark  - car added
06.03.2024 20:05:00 [main] INFO  by.vorovich.third.car_park.CarPark  - car added
06.03.2024 20:05:00 [main] INFO  by.vorovich.third.car_park.CarPark  - car added
06.03.2024 20:05:00 [main] INFO  by.vorovich.third.car_park.CarPark  - car added
06.03.2024 20:05:00 [main] INFO  by.vorovich.third.car_park.CarPark  - car added
06.03.2024 20:05:00 [main] INFO  by.vorovich.third.car_park_manager.CarParkManager  - new carpark generated
06.03.2024 20:05:00 [main] ERROR by.vorovich.third.main.Main  - Car must have value
06.03.2024 20:05:00 [main] INFO  by.vorovich.third.car_park_manager.CarParkManager  - new carpark generated
06.03.2024 20:05:00 [main] INFO  by.vorovich.third.main.Main  - program completed
06.03.2024 20:05:30 [main] INFO  by.vorovich.third.main.Main  - Starting program_____________________________
06.03.2024 20:05:30 [main] INFO  by.vorovich.third.car_park.CarPark  - car added
06.03.2024 20:05:30 [main] INFO  by.vorovich.third.car_park.CarPark  - car added
06.03.2024 20:05:30 [main] INFO  by.vorovich.third.car_park.CarPark  - car added
06.03.2024 20:05:30 [main] INFO  by.vorovich.third.car_park.CarPark  - car added
06.03.2024 20:05:30 [main] INFO  by.vorovich.third.car_park.CarPark  - car added
06.03.2024 20:05:30 [main] INFO  by.vorovich.third.car_park.CarPark  - car added
06.03.2024 20:05:30 [main] INFO  by.vorovich.third.car_park.CarPark  - car added
06.03.2024 20:05:30 [main] INFO  by.vorovich.third.car_park_manager.CarParkManager  - new carpark generated
06.03.2024 20:05:30 [main] ERROR by.vorovich.third.main.Main  - Car must have value
06.03.2024 20:05:31 [main] INFO  by.vorovich.third.car_park_manager.CarParkManager  - new carpark generated
06.03.2024 20:05:31 [main] INFO  by.vorovich.third.main.Main  - program completed
