d:\4_sem\geometry\lab_08\lab01\x64\debug\vc143.pdb
d:\4_sem\geometry\lab_08\lab01\x64\debug\vc143.idb
d:\4_sem\geometry\lab_08\lab01\x64\debug\mainfrm.obj
d:\4_sem\geometry\lab_08\lab01\x64\debug\libsurface.obj
d:\4_sem\geometry\lab_08\lab01\x64\debug\libgraph.obj
d:\4_sem\geometry\lab_08\lab01\x64\debug\lab06.obj
d:\4_sem\geometry\lab_08\lab01\x64\debug\cmatrix.obj
d:\4_sem\geometry\lab_08\lab01\x64\debug\childview.obj
d:\4_sem\geometry\lab_08\x64\debug\lab06.exe
d:\4_sem\geometry\lab_08\x64\debug\lab06.pdb
d:\4_sem\geometry\lab_08\lab01\x64\debug\lab01.res
d:\4_sem\geometry\lab_08\lab01\x64\debug\lab06.ilk
d:\4_sem\geometry\lab_08\lab01\x64\debug\lab06.pch
d:\4_sem\geometry\lab_08\lab01\x64\debug\lab06.tlog\cl.command.1.tlog
d:\4_sem\geometry\lab_08\lab01\x64\debug\lab06.tlog\cl.items.tlog
d:\4_sem\geometry\lab_08\lab01\x64\debug\lab06.tlog\cl.read.1.tlog
d:\4_sem\geometry\lab_08\lab01\x64\debug\lab06.tlog\cl.write.1.tlog
d:\4_sem\geometry\lab_08\lab01\x64\debug\lab06.tlog\link.6204-cvtres.read.1.tlog
d:\4_sem\geometry\lab_08\lab01\x64\debug\lab06.tlog\link.6204-cvtres.write.1.tlog
d:\4_sem\geometry\lab_08\lab01\x64\debug\lab06.tlog\link.6204-mt.read.1.tlog
d:\4_sem\geometry\lab_08\lab01\x64\debug\lab06.tlog\link.6204-mt.write.1.tlog
d:\4_sem\geometry\lab_08\lab01\x64\debug\lab06.tlog\link.6204-rc.read.1.tlog
d:\4_sem\geometry\lab_08\lab01\x64\debug\lab06.tlog\link.6204-rc.write.1.tlog
d:\4_sem\geometry\lab_08\lab01\x64\debug\lab06.tlog\link.6204.read.1.tlog
d:\4_sem\geometry\lab_08\lab01\x64\debug\lab06.tlog\link.6204.read.2.tlog
d:\4_sem\geometry\lab_08\lab01\x64\debug\lab06.tlog\link.6204.write.1.tlog
d:\4_sem\geometry\lab_08\lab01\x64\debug\lab06.tlog\link.command.1.tlog
d:\4_sem\geometry\lab_08\lab01\x64\debug\lab06.tlog\link.read.1.tlog
d:\4_sem\geometry\lab_08\lab01\x64\debug\lab06.tlog\link.secondary.1.tlog
d:\4_sem\geometry\lab_08\lab01\x64\debug\lab06.tlog\link.write.1.tlog
d:\4_sem\geometry\lab_08\lab01\x64\debug\lab06.tlog\rc.command.1.tlog
d:\4_sem\geometry\lab_08\lab01\x64\debug\lab06.tlog\rc.read.1.tlog
d:\4_sem\geometry\lab_08\lab01\x64\debug\lab06.tlog\rc.write.1.tlog
